<?xml version="1.0" encoding="UTF-8"?>
<!-- Generated by org.testng.reporters.JUnitXMLReporter -->
<testsuite hostname="ADMIN-PC" ignored="0" name="Test88" tests="2" failures="0" timestamp="2022-10-24T09:58:05 IST" time="0.147" errors="0">
  <testcase name="@BeforeTest launchBrowser" time="-1.6665856855E9" classname="facebooklogin.TestClassforcrossbrws">
    <failure type="org.testng.TestNGException" message="
Parameter &amp;apos;browser&amp;apos; is required by BeforeTest on method launchBrowser but has not been marked @Optional or defined
in C:\Users\ADMIN\eclipse-workspace\facebook\testng.xml">
      <![CDATA[org.testng.TestNGException: 
Parameter 'browser' is required by BeforeTest on method launchBrowser but has not been marked @Optional or defined
in C:\Users\ADMIN\eclipse-workspace\facebook\testng.xml
... Removed 21 stack frames]]>
    </failure>
  </testcase> <!-- @BeforeTest launchBrowser -->
  <testcase name="@BeforeClass createPOMObjects" time="-1.666585685563E9" classname="facebooklogin.TestClassforcrossbrws">
    <skipped/>
  </testcase> <!-- @BeforeClass createPOMObjects -->
  <testcase name="@BeforeMethod beforeMethod" time="-1.666585685586E9" classname="facebooklogin.TestClassforcrossbrws">
    <skipped/>
  </testcase> <!-- @BeforeMethod beforeMethod -->
  <testcase name="@BeforeMethod beforeMethod" time="-1.666585685603E9" classname="facebooklogin.TestClassforcrossbrws">
    <skipped/>
  </testcase> <!-- @BeforeMethod beforeMethod -->
  <testcase name="test123" time="0.0" classname="facebooklogin.TestClassforcrossbrws">
    <skipped/>
  </testcase> <!-- test123 -->
  <testcase name="test1234" time="0.0" classname="facebooklogin.TestClassforcrossbrws">
    <skipped/>
  </testcase> <!-- test1234 -->
</testsuite> <!-- Test88 -->
