<?xml version="1.0" encoding="UTF-8"?>
<!-- Generated by org.testng.reporters.JUnitXMLReporter -->
<testsuite hostname="ADMIN-PC" ignored="0" name="Default test" tests="2" failures="0" timestamp="2022-10-25T10:55:10 IST" time="0.109" errors="0">
  <testcase name="@BeforeTest launchBrowser" time="-1.666675510046E9" classname="facebooklogin.TestClassforcrossbrws">
    <failure type="org.testng.TestNGException" message="
Parameter &amp;apos;browserName&amp;apos; is required by BeforeTest on method launchBrowser but has not been marked @Optional or defined
in C:\Users\ADMIN\AppData\Local\Temp\testng-eclipse--1019185776\testng-customsuite.xml">
      <![CDATA[org.testng.TestNGException: 
Parameter 'browserName' is required by BeforeTest on method launchBrowser but has not been marked @Optional or defined
in C:\Users\ADMIN\AppData\Local\Temp\testng-eclipse--1019185776\testng-customsuite.xml
at org.testng.internal.Parameters.createParams(Parameters.java:270)
at org.testng.internal.Parameters.createParametersForMethod(Parameters.java:358)
at org.testng.internal.Parameters.createParameters(Parameters.java:700)
at org.testng.internal.Parameters.createConfigurationParameters(Parameters.java:168)
at org.testng.internal.ConfigInvoker.invokeConfigurations(ConfigInvoker.java:302)
at org.testng.TestRunner.invokeTestConfigurations(TestRunner.java:637)
at org.testng.TestRunner.beforeRun(TestRunner.java:627)
at org.testng.TestRunner.run(TestRunner.java:589)
at org.testng.SuiteRunner.runTest(SuiteRunner.java:377)
at org.testng.SuiteRunner.runSequentially(SuiteRunner.java:371)
at org.testng.SuiteRunner.privateRun(SuiteRunner.java:332)
at org.testng.SuiteRunner.run(SuiteRunner.java:276)
at org.testng.SuiteRunnerWorker.runSuite(SuiteRunnerWorker.java:53)
at org.testng.SuiteRunnerWorker.run(SuiteRunnerWorker.java:96)
at org.testng.TestNG.runSuitesSequentially(TestNG.java:1212)
at org.testng.TestNG.runSuitesLocally(TestNG.java:1134)
at org.testng.TestNG.runSuites(TestNG.java:1063)
at org.testng.TestNG.run(TestNG.java:1031)
at org.testng.remote.AbstractRemoteTestNG.run(AbstractRemoteTestNG.java:115)
at org.testng.remote.RemoteTestNG.initAndRun(RemoteTestNG.java:251)
at org.testng.remote.RemoteTestNG.main(RemoteTestNG.java:77)
]]>
    </failure>
  </testcase> <!-- @BeforeTest launchBrowser -->
  <testcase name="@BeforeClass createPOMObjects" time="-1.666675510093E9" classname="facebooklogin.TestClassforcrossbrws">
    <skipped/>
  </testcase> <!-- @BeforeClass createPOMObjects -->
  <testcase name="@BeforeMethod beforeMethod" time="-1.666675510108E9" classname="facebooklogin.TestClassforcrossbrws">
    <skipped/>
  </testcase> <!-- @BeforeMethod beforeMethod -->
  <testcase name="@AfterMethod logOutFromApllication" time="-1.666675510124E9" classname="facebooklogin.TestClassforcrossbrws">
    <skipped/>
  </testcase> <!-- @AfterMethod logOutFromApllication -->
  <testcase name="@BeforeMethod beforeMethod" time="-1.666675510139E9" classname="facebooklogin.TestClassforcrossbrws">
    <skipped/>
  </testcase> <!-- @BeforeMethod beforeMethod -->
  <testcase name="@AfterMethod logOutFromApllication" time="-1.666675510139E9" classname="facebooklogin.TestClassforcrossbrws">
    <skipped/>
  </testcase> <!-- @AfterMethod logOutFromApllication -->
  <testcase name="@AfterClass clearObject" time="-1.666675510139E9" classname="facebooklogin.TestClassforcrossbrws">
    <skipped/>
  </testcase> <!-- @AfterClass clearObject -->
  <testcase name="@AfterTest closeBrowser" time="-1.666675510155E9" classname="facebooklogin.TestClassforcrossbrws">
    <skipped/>
  </testcase> <!-- @AfterTest closeBrowser -->
  <testcase name="test123" time="0.0" classname="facebooklogin.TestClassforcrossbrws">
    <skipped/>
  </testcase> <!-- test123 -->
  <testcase name="test1234" time="0.0" classname="facebooklogin.TestClassforcrossbrws">
    <skipped/>
  </testcase> <!-- test1234 -->
</testsuite> <!-- Default test -->
