<?xml version="1.0" encoding="UTF-8"?>
<!-- Generated by org.testng.reporters.JUnitXMLReporter -->
<testsuite hostname="ADMIN-PC" ignored="0" name="Test" tests="4" failures="0" timestamp="2022-10-24T09:13:31 IST" time="0.157" errors="0">
  <testcase name="@BeforeTest launchBrowser" time="-1.666583011465E9" classname="facebooklogin.TestClass">
    <failure type="org.testng.TestNGException" message="
Parameter &amp;apos;browser&amp;apos; is required by BeforeTest on method launchBrowser but has not been marked @Optional or defined
in C:\Users\ADMIN\eclipse-workspace\facebook\testng.xml">
      <![CDATA[org.testng.TestNGException: 
Parameter 'browser' is required by BeforeTest on method launchBrowser but has not been marked @Optional or defined
in C:\Users\ADMIN\eclipse-workspace\facebook\testng.xml
... Removed 21 stack frames]]>
    </failure>
  </testcase> <!-- @BeforeTest launchBrowser -->
  <testcase name="@BeforeTest launchBrowser" time="-1.666583011497E9" classname="facebooklogin.TestClass1">
    <skipped/>
  </testcase> <!-- @BeforeTest launchBrowser -->
  <testcase name="@BeforeMethod beforeMethod" time="-1.666583011559E9" classname="facebooklogin.TestClass1">
    <skipped/>
  </testcase> <!-- @BeforeMethod beforeMethod -->
  <testcase name="@BeforeMethod beforeMethod" time="-1.666583011575E9" classname="facebooklogin.TestClass1">
    <skipped/>
  </testcase> <!-- @BeforeMethod beforeMethod -->
  <testcase name="@BeforeMethod beforeMethod" time="-1.66658301159E9" classname="facebooklogin.TestClass">
    <skipped/>
  </testcase> <!-- @BeforeMethod beforeMethod -->
  <testcase name="@BeforeMethod beforeMethod" time="-1.666583011622E9" classname="facebooklogin.TestClass">
    <skipped/>
  </testcase> <!-- @BeforeMethod beforeMethod -->
  <testcase name="test123" time="0.0" classname="facebooklogin.TestClass1">
    <skipped/>
  </testcase> <!-- test123 -->
  <testcase name="test1234" time="0.0" classname="facebooklogin.TestClass1">
    <skipped/>
  </testcase> <!-- test1234 -->
  <testcase name="test123" time="0.0" classname="facebooklogin.TestClass">
    <skipped/>
  </testcase> <!-- test123 -->
  <testcase name="test1234" time="0.0" classname="facebooklogin.TestClass">
    <skipped/>
  </testcase> <!-- test1234 -->
</testsuite> <!-- Test -->
